app/build/intermediates/manifest_merge_blame_file/debug/manifest-merger-blame-debug-report.txt
1<?xml version="1.0" encoding="utf-8"?>
2<manifest xmlns:android="http://schemas.android.com/apk/res/android"
3    package="com.vesam.quiz"
4    android:versionCode="1"
5    android:versionName="1.0" >
6
7    <uses-sdk
8        android:minSdkVersion="16"
8-->src\main\AndroidManifest.xml
9        android:targetSdkVersion="30" />
9-->src\main\AndroidManifest.xml
10
11    <uses-permission android:name="android.permission.ACCESS_NETWORK_STATE" />
11-->[:quiz] AndroidManifest.xml:12:5-79
11-->[:quiz] AndroidManifest.xml:12:22-76
12    <uses-permission android:name="android.permission.INTERNET" />
12-->[:quiz] AndroidManifest.xml:13:5-67
12-->[:quiz] AndroidManifest.xml:13:22-64
13    <uses-permission android:name="android.permission.VIBRATE" />
13-->[:quiz] AndroidManifest.xml:14:5-66
13-->[:quiz] AndroidManifest.xml:14:22-63
14
15    <application
15-->src\main\AndroidManifest.xml:6:5-29:19
16        android:name="com.vesam.quiz.ui.view.application.AppParent"
16-->src\main\AndroidManifest.xml:7:9-54
17        android:allowBackup="true"
17-->src\main\AndroidManifest.xml:8:9-35
18        android:appComponentFactory="androidx.core.app.CoreComponentFactory"
18-->[androidx.core:core:1.3.2] AndroidManifest.xml:24:18-86
19        android:debuggable="true"
20        android:icon="@mipmap/ic_launcher"
20-->src\main\AndroidManifest.xml:9:9-43
21        android:label="@string/app_name"
21-->src\main\AndroidManifest.xml:10:9-41
22        android:networkSecurityConfig="@xml/network_security_config"
22-->[:quiz] AndroidManifest.xml:17:9-69
23        android:requestLegacyExternalStorage="true"
23-->[:quiz] AndroidManifest.xml:18:9-52
24        android:roundIcon="@mipmap/ic_launcher_round"
24-->src\main\AndroidManifest.xml:11:9-54
25        android:supportsRtl="true"
25-->src\main\AndroidManifest.xml:12:9-35
26        android:testOnly="true"
27        android:theme="@style/Theme.QuizSystem"
27-->src\main\AndroidManifest.xml:13:9-48
28        android:usesCleartextTraffic="true" >
28-->[:quiz] AndroidManifest.xml:19:9-44
29        <activity android:name="com.vesam.quiz.ui.view.activity.MainActivity" >
29-->src\main\AndroidManifest.xml:15:9-21:20
29-->src\main\AndroidManifest.xml:15:19-64
30            <intent-filter>
30-->src\main\AndroidManifest.xml:16:13-20:29
31                <action android:name="android.intent.action.MAIN" />
31-->src\main\AndroidManifest.xml:17:17-69
31-->src\main\AndroidManifest.xml:17:25-66
32
33                <category android:name="android.intent.category.LAUNCHER" />
33-->src\main\AndroidManifest.xml:19:17-77
33-->src\main\AndroidManifest.xml:19:27-74
34            </intent-filter>
35        </activity>
36        <activity
36-->src\main\AndroidManifest.xml:23:9-27:57
37            android:name="com.vesam.quiz.ui.view.activity.QuizActivity"
37-->src\main\AndroidManifest.xml:23:19-64
38            android:configChanges="keyboard|keyboardHidden|orientation|screenSize"
38-->src\main\AndroidManifest.xml:24:13-83
39            android:screenOrientation="portrait"
39-->src\main\AndroidManifest.xml:25:13-49
40            android:theme="@style/Theme.QuizSystem"
40-->src\main\AndroidManifest.xml:26:13-52
41            android:windowSoftInputMode="adjustResize" />
41-->src\main\AndroidManifest.xml:27:13-55
42        <activity
42-->[com.github.tcking:giraffeplayer2:0.1.25] AndroidManifest.xml:19:9-22:54
43            android:name="tcking.github.com.giraffeplayer2.PlayerActivity"
43-->[com.github.tcking:giraffeplayer2:0.1.25] AndroidManifest.xml:20:13-75
44            android:configChanges="keyboardHidden|orientation|screenSize"
44-->[com.github.tcking:giraffeplayer2:0.1.25] AndroidManifest.xml:21:13-74
45            android:screenOrientation="fullSensor" />
45-->[com.github.tcking:giraffeplayer2:0.1.25] AndroidManifest.xml:22:13-51
46
47        <service android:name="tcking.github.com.giraffeplayer2.LazyLoadManager" />
47-->[com.github.tcking:giraffeplayer2:0.1.25] AndroidManifest.xml:24:9-84
47-->[com.github.tcking:giraffeplayer2:0.1.25] AndroidManifest.xml:24:18-81
48        <service
48-->[androidx.room:room-runtime:2.2.6] AndroidManifest.xml:25:9-28:40
49            android:name="androidx.room.MultiInstanceInvalidationService"
49-->[androidx.room:room-runtime:2.2.6] AndroidManifest.xml:26:13-74
50            android:directBootAware="true"
50-->[androidx.room:room-runtime:2.2.6] AndroidManifest.xml:27:13-43
51            android:exported="false" />
51-->[androidx.room:room-runtime:2.2.6] AndroidManifest.xml:28:13-37
52
53        <provider
53-->[androidx.lifecycle:lifecycle-process:2.0.0] AndroidManifest.xml:23:9-27:43
54            android:name="androidx.lifecycle.ProcessLifecycleOwnerInitializer"
54-->[androidx.lifecycle:lifecycle-process:2.0.0] AndroidManifest.xml:24:13-79
55            android:authorities="com.vesam.quiz.lifecycle-process"
55-->[androidx.lifecycle:lifecycle-process:2.0.0] AndroidManifest.xml:25:13-69
56            android:exported="false"
56-->[androidx.lifecycle:lifecycle-process:2.0.0] AndroidManifest.xml:26:13-37
57            android:multiprocess="true" />
57-->[androidx.lifecycle:lifecycle-process:2.0.0] AndroidManifest.xml:27:13-40
58    </application>
59
60</manifest>